This file contains any messages produced by compilers while
running configure, to aid debugging if configure makes a mistake.

It was created by village configure 4.0, which was
generated by GNU Autoconf 2.69.  Invocation command line was

  $ ./configure --prefix=/home/simone/MySoftware/village

## --------- ##
## Platform. ##
## --------- ##

hostname = host61-21
uname -m = x86_64
uname -r = 4.4.0-116-generic
uname -s = Linux
uname -v = #140-Ubuntu SMP Mon Feb 12 21:23:04 UTC 2018

/usr/bin/uname -p = unknown
/bin/uname -X     = unknown

/bin/arch              = unknown
/usr/bin/arch -k       = unknown
/usr/convex/getsysinfo = unknown
/usr/bin/hostinfo      = unknown
/bin/machine           = unknown
/usr/bin/oslevel       = unknown
/bin/universe          = unknown

PATH: /home/simone/anaconda2/bin
PATH: /usr/local/cuda-8.0/bin
PATH: /usr/local/sbin
PATH: /usr/local/bin
PATH: /usr/sbin
PATH: /usr/bin
PATH: /sbin
PATH: /bin
PATH: /usr/games
PATH: /usr/local/games
PATH: /snap/bin
PATH: /home/simone/Software/edirect


## ----------- ##
## Core tests. ##
## ----------- ##

configure:2307: checking for a BSD-compatible install
configure:2375: result: /usr/bin/install -c
configure:2386: checking whether build environment is sane
configure:2441: result: yes
configure:2479: WARNING: 'missing' script is too old or missing
configure:2592: checking for a thread-safe mkdir -p
configure:2631: result: /bin/mkdir -p
configure:2638: checking for gawk
configure:2654: found /usr/bin/gawk
configure:2665: result: gawk
configure:2676: checking whether make sets $(MAKE)
configure:2698: result: yes
configure:2727: checking whether make supports nested variables
configure:2744: result: yes
configure:2933: checking for g++
configure:2949: found /usr/bin/g++
configure:2960: result: g++
configure:2987: checking for C++ compiler version
configure:2996: g++ --version >&5
g++ (Ubuntu 5.4.0-6ubuntu1~16.04.9) 5.4.0 20160609
Copyright (C) 2015 Free Software Foundation, Inc.
This is free software; see the source for copying conditions.  There is NO
warranty; not even for MERCHANTABILITY or FITNESS FOR A PARTICULAR PURPOSE.

configure:3007: $? = 0
configure:2996: g++ -v >&5
Using built-in specs.
COLLECT_GCC=g++
COLLECT_LTO_WRAPPER=/usr/lib/gcc/x86_64-linux-gnu/5/lto-wrapper
Target: x86_64-linux-gnu
Configured with: ../src/configure -v --with-pkgversion='Ubuntu 5.4.0-6ubuntu1~16.04.9' --with-bugurl=file:///usr/share/doc/gcc-5/README.Bugs --enable-languages=c,ada,c++,java,go,d,fortran,objc,obj-c++ --prefix=/usr --program-suffix=-5 --enable-shared --enable-linker-build-id --libexecdir=/usr/lib --without-included-gettext --enable-threads=posix --libdir=/usr/lib --enable-nls --with-sysroot=/ --enable-clocale=gnu --enable-libstdcxx-debug --enable-libstdcxx-time=yes --with-default-libstdcxx-abi=new --enable-gnu-unique-object --disable-vtable-verify --enable-libmpx --enable-plugin --with-system-zlib --disable-browser-plugin --enable-java-awt=gtk --enable-gtk-cairo --with-java-home=/usr/lib/jvm/java-1.5.0-gcj-5-amd64/jre --enable-java-home --with-jvm-root-dir=/usr/lib/jvm/java-1.5.0-gcj-5-amd64 --with-jvm-jar-dir=/usr/lib/jvm-exports/java-1.5.0-gcj-5-amd64 --with-arch-directory=amd64 --with-ecj-jar=/usr/share/java/eclipse-ecj.jar --enable-objc-gc --enable-multiarch --disable-werror --with-arch-32=i686 --with-abi=m64 --with-multilib-list=m32,m64,mx32 --enable-multilib --with-tune=generic --enable-checking=release --build=x86_64-linux-gnu --host=x86_64-linux-gnu --target=x86_64-linux-gnu
Thread model: posix
gcc version 5.4.0 20160609 (Ubuntu 5.4.0-6ubuntu1~16.04.9) 
configure:3007: $? = 0
configure:2996: g++ -V >&5
g++: error: unrecognized command line option '-V'
g++: fatal error: no input files
compilation terminated.
configure:3007: $? = 1
configure:2996: g++ -qversion >&5
g++: error: unrecognized command line option '-qversion'
g++: fatal error: no input files
compilation terminated.
configure:3007: $? = 1
configure:3027: checking whether the C++ compiler works
configure:3049: g++    conftest.cpp  >&5
configure:3053: $? = 0
configure:3101: result: yes
configure:3104: checking for C++ compiler default output file name
configure:3106: result: a.out
configure:3112: checking for suffix of executables
configure:3119: g++ -o conftest    conftest.cpp  >&5
configure:3123: $? = 0
configure:3145: result: 
configure:3167: checking whether we are cross compiling
configure:3175: g++ -o conftest    conftest.cpp  >&5
configure:3179: $? = 0
configure:3186: ./conftest
configure:3190: $? = 0
configure:3205: result: no
configure:3210: checking for suffix of object files
configure:3232: g++ -c   conftest.cpp >&5
configure:3236: $? = 0
configure:3257: result: o
configure:3261: checking whether we are using the GNU C++ compiler
configure:3280: g++ -c   conftest.cpp >&5
configure:3280: $? = 0
configure:3289: result: yes
configure:3298: checking whether g++ accepts -g
configure:3318: g++ -c -g  conftest.cpp >&5
configure:3318: $? = 0
configure:3359: result: yes
configure:3393: checking for style of include used by make
configure:3421: result: GNU
configure:3447: checking dependency style of g++
configure:3558: result: gcc3
configure:3621: checking for gcc
configure:3637: found /usr/bin/gcc
configure:3648: result: gcc
configure:3877: checking for C compiler version
configure:3886: gcc --version >&5
gcc (Ubuntu 5.4.0-6ubuntu1~16.04.9) 5.4.0 20160609
Copyright (C) 2015 Free Software Foundation, Inc.
This is free software; see the source for copying conditions.  There is NO
warranty; not even for MERCHANTABILITY or FITNESS FOR A PARTICULAR PURPOSE.

configure:3897: $? = 0
configure:3886: gcc -v >&5
Using built-in specs.
COLLECT_GCC=gcc
COLLECT_LTO_WRAPPER=/usr/lib/gcc/x86_64-linux-gnu/5/lto-wrapper
Target: x86_64-linux-gnu
Configured with: ../src/configure -v --with-pkgversion='Ubuntu 5.4.0-6ubuntu1~16.04.9' --with-bugurl=file:///usr/share/doc/gcc-5/README.Bugs --enable-languages=c,ada,c++,java,go,d,fortran,objc,obj-c++ --prefix=/usr --program-suffix=-5 --enable-shared --enable-linker-build-id --libexecdir=/usr/lib --without-included-gettext --enable-threads=posix --libdir=/usr/lib --enable-nls --with-sysroot=/ --enable-clocale=gnu --enable-libstdcxx-debug --enable-libstdcxx-time=yes --with-default-libstdcxx-abi=new --enable-gnu-unique-object --disable-vtable-verify --enable-libmpx --enable-plugin --with-system-zlib --disable-browser-plugin --enable-java-awt=gtk --enable-gtk-cairo --with-java-home=/usr/lib/jvm/java-1.5.0-gcj-5-amd64/jre --enable-java-home --with-jvm-root-dir=/usr/lib/jvm/java-1.5.0-gcj-5-amd64 --with-jvm-jar-dir=/usr/lib/jvm-exports/java-1.5.0-gcj-5-amd64 --with-arch-directory=amd64 --with-ecj-jar=/usr/share/java/eclipse-ecj.jar --enable-objc-gc --enable-multiarch --disable-werror --with-arch-32=i686 --with-abi=m64 --with-multilib-list=m32,m64,mx32 --enable-multilib --with-tune=generic --enable-checking=release --build=x86_64-linux-gnu --host=x86_64-linux-gnu --target=x86_64-linux-gnu
Thread model: posix
gcc version 5.4.0 20160609 (Ubuntu 5.4.0-6ubuntu1~16.04.9) 
configure:3897: $? = 0
configure:3886: gcc -V >&5
gcc: error: unrecognized command line option '-V'
gcc: fatal error: no input files
compilation terminated.
configure:3897: $? = 1
configure:3886: gcc -qversion >&5
gcc: error: unrecognized command line option '-qversion'
gcc: fatal error: no input files
compilation terminated.
configure:3897: $? = 1
configure:3901: checking whether we are using the GNU C compiler
configure:3920: gcc -c   conftest.c >&5
configure:3920: $? = 0
configure:3929: result: yes
configure:3938: checking whether gcc accepts -g
configure:3958: gcc -c -g  conftest.c >&5
configure:3958: $? = 0
configure:3999: result: yes
configure:4016: checking for gcc option to accept ISO C89
configure:4079: gcc  -c -g -O2  conftest.c >&5
configure:4079: $? = 0
configure:4092: result: none needed
configure:4117: checking whether gcc understands -c and -o together
configure:4139: gcc -c conftest.c -o conftest2.o
configure:4142: $? = 0
configure:4139: gcc -c conftest.c -o conftest2.o
configure:4142: $? = 0
configure:4154: result: yes
configure:4173: checking dependency style of gcc
configure:4284: result: gcc3
configure:4342: checking for ranlib
configure:4358: found /usr/bin/ranlib
configure:4369: result: ranlib
configure:4398: checking for sqrt in -lm
configure:4423: gcc -o conftest -g -Wall -O3 -funroll-loops   conftest.c -lm   >&5
conftest.c:18:6: warning: conflicting types for built-in function 'sqrt'
 char sqrt ();
      ^
configure:4423: $? = 0
configure:4432: result: yes
configure:4450: checking how to run the C preprocessor
configure:4481: gcc -E  conftest.c
configure:4481: $? = 0
configure:4495: gcc -E  conftest.c
conftest.c:12:28: fatal error: ac_nonexistent.h: No such file or directory
compilation terminated.
configure:4495: $? = 1
configure: failed program was:
| /* confdefs.h */
| #define PACKAGE_NAME "village"
| #define PACKAGE_TARNAME "village"
| #define PACKAGE_VERSION "4.0"
| #define PACKAGE_STRING "village 4.0"
| #define PACKAGE_BUGREPORT "Simone Furini furini.simone@gmail.com"
| #define PACKAGE_URL ""
| #define PACKAGE "village"
| #define VERSION "4.0"
| #define HAVE_LIBM 1
| /* end confdefs.h.  */
| #include <ac_nonexistent.h>
configure:4520: result: gcc -E
configure:4540: gcc -E  conftest.c
configure:4540: $? = 0
configure:4554: gcc -E  conftest.c
conftest.c:12:28: fatal error: ac_nonexistent.h: No such file or directory
compilation terminated.
configure:4554: $? = 1
configure: failed program was:
| /* confdefs.h */
| #define PACKAGE_NAME "village"
| #define PACKAGE_TARNAME "village"
| #define PACKAGE_VERSION "4.0"
| #define PACKAGE_STRING "village 4.0"
| #define PACKAGE_BUGREPORT "Simone Furini furini.simone@gmail.com"
| #define PACKAGE_URL ""
| #define PACKAGE "village"
| #define VERSION "4.0"
| #define HAVE_LIBM 1
| /* end confdefs.h.  */
| #include <ac_nonexistent.h>
configure:4583: checking for grep that handles long lines and -e
configure:4641: result: /bin/grep
configure:4646: checking for egrep
configure:4708: result: /bin/grep -E
configure:4713: checking for ANSI C header files
configure:4733: gcc -c -g -Wall -O3 -funroll-loops  conftest.c >&5
configure:4733: $? = 0
configure:4806: gcc -o conftest -g -Wall -O3 -funroll-loops   conftest.c -lm  >&5
configure:4806: $? = 0
configure:4806: ./conftest
configure:4806: $? = 0
configure:4817: result: yes
configure:4830: checking for sys/types.h
configure:4830: gcc -c -g -Wall -O3 -funroll-loops  conftest.c >&5
configure:4830: $? = 0
configure:4830: result: yes
configure:4830: checking for sys/stat.h
configure:4830: gcc -c -g -Wall -O3 -funroll-loops  conftest.c >&5
configure:4830: $? = 0
configure:4830: result: yes
configure:4830: checking for stdlib.h
configure:4830: gcc -c -g -Wall -O3 -funroll-loops  conftest.c >&5
configure:4830: $? = 0
configure:4830: result: yes
configure:4830: checking for string.h
configure:4830: gcc -c -g -Wall -O3 -funroll-loops  conftest.c >&5
configure:4830: $? = 0
configure:4830: result: yes
configure:4830: checking for memory.h
configure:4830: gcc -c -g -Wall -O3 -funroll-loops  conftest.c >&5
configure:4830: $? = 0
configure:4830: result: yes
configure:4830: checking for strings.h
configure:4830: gcc -c -g -Wall -O3 -funroll-loops  conftest.c >&5
configure:4830: $? = 0
configure:4830: result: yes
configure:4830: checking for inttypes.h
configure:4830: gcc -c -g -Wall -O3 -funroll-loops  conftest.c >&5
configure:4830: $? = 0
configure:4830: result: yes
configure:4830: checking for stdint.h
configure:4830: gcc -c -g -Wall -O3 -funroll-loops  conftest.c >&5
configure:4830: $? = 0
configure:4830: result: yes
configure:4830: checking for unistd.h
configure:4830: gcc -c -g -Wall -O3 -funroll-loops  conftest.c >&5
configure:4830: $? = 0
configure:4830: result: yes
configure:4844: checking fenv.h usability
configure:4844: gcc -c -g -Wall -O3 -funroll-loops  conftest.c >&5
configure:4844: $? = 0
configure:4844: result: yes
configure:4844: checking fenv.h presence
configure:4844: gcc -E  conftest.c
configure:4844: $? = 0
configure:4844: result: yes
configure:4844: checking for fenv.h
configure:4844: result: yes
configure:4856: checking for stdbool.h that conforms to C99
configure:4923: gcc -c -g -Wall -O3 -funroll-loops  conftest.c >&5
conftest.c: In function 'main':
conftest.c:72:14: warning: the address of 's' will always evaluate as 'true' [-Waddress]
              bool e = &s;
              ^
conftest.c:76:22: warning: the address of 'a' will always evaluate as 'true' [-Waddress]
              return (!a + !b + !c + !d + !e + !f + !g + !h + !i + !!j + !k + !!l
                      ^
conftest.c:76:27: warning: the address of 'b' will always evaluate as 'true' [-Waddress]
              return (!a + !b + !c + !d + !e + !f + !g + !h + !i + !!j + !k + !!l
                           ^
conftest.c:76:32: warning: the address of 'c' will always evaluate as 'true' [-Waddress]
              return (!a + !b + !c + !d + !e + !f + !g + !h + !i + !!j + !k + !!l
                                ^
conftest.c:76:37: warning: the address of 'd' will always evaluate as 'true' [-Waddress]
              return (!a + !b + !c + !d + !e + !f + !g + !h + !i + !!j + !k + !!l
                                     ^
conftest.c:76:47: warning: the address of 'f' will always evaluate as 'true' [-Waddress]
              return (!a + !b + !c + !d + !e + !f + !g + !h + !i + !!j + !k + !!l
                                               ^
conftest.c:76:52: warning: the address of 'g' will always evaluate as 'true' [-Waddress]
              return (!a + !b + !c + !d + !e + !f + !g + !h + !i + !!j + !k + !!l
                                                    ^
conftest.c:76:57: warning: the address of 'h' will always evaluate as 'true' [-Waddress]
              return (!a + !b + !c + !d + !e + !f + !g + !h + !i + !!j + !k + !!l
                                                         ^
conftest.c:76:62: warning: the address of 'i' will always evaluate as 'true' [-Waddress]
              return (!a + !b + !c + !d + !e + !f + !g + !h + !i + !!j + !k + !!l
                                                              ^
conftest.c:77:29: warning: the address of 'n' will always evaluate as 'true' [-Waddress]
                             ^
conftest.c:77:34: warning: the address of 'o' will always evaluate as 'true' [-Waddress]
                                  ^
conftest.c:77:39: warning: the address of 'p' will always evaluate as 'true' [-Waddress]
                                       ^
configure:4923: $? = 0
configure:4930: result: yes
configure:4932: checking for _Bool
configure:4932: gcc -c -g -Wall -O3 -funroll-loops  conftest.c >&5
configure:4932: $? = 0
configure:4932: gcc -c -g -Wall -O3 -funroll-loops  conftest.c >&5
conftest.c: In function 'main':
conftest.c:59:20: error: expected expression before ')' token
 if (sizeof ((_Bool)))
                    ^
configure:4932: $? = 1
configure: failed program was:
| /* confdefs.h */
| #define PACKAGE_NAME "village"
| #define PACKAGE_TARNAME "village"
| #define PACKAGE_VERSION "4.0"
| #define PACKAGE_STRING "village 4.0"
| #define PACKAGE_BUGREPORT "Simone Furini furini.simone@gmail.com"
| #define PACKAGE_URL ""
| #define PACKAGE "village"
| #define VERSION "4.0"
| #define HAVE_LIBM 1
| #define STDC_HEADERS 1
| #define HAVE_SYS_TYPES_H 1
| #define HAVE_SYS_STAT_H 1
| #define HAVE_STDLIB_H 1
| #define HAVE_STRING_H 1
| #define HAVE_MEMORY_H 1
| #define HAVE_STRINGS_H 1
| #define HAVE_INTTYPES_H 1
| #define HAVE_STDINT_H 1
| #define HAVE_UNISTD_H 1
| #define HAVE_FENV_H 1
| /* end confdefs.h.  */
| #include <stdio.h>
| #ifdef HAVE_SYS_TYPES_H
| # include <sys/types.h>
| #endif
| #ifdef HAVE_SYS_STAT_H
| # include <sys/stat.h>
| #endif
| #ifdef STDC_HEADERS
| # include <stdlib.h>
| # include <stddef.h>
| #else
| # ifdef HAVE_STDLIB_H
| #  include <stdlib.h>
| # endif
| #endif
| #ifdef HAVE_STRING_H
| # if !defined STDC_HEADERS && defined HAVE_MEMORY_H
| #  include <memory.h>
| # endif
| # include <string.h>
| #endif
| #ifdef HAVE_STRINGS_H
| # include <strings.h>
| #endif
| #ifdef HAVE_INTTYPES_H
| # include <inttypes.h>
| #endif
| #ifdef HAVE_STDINT_H
| # include <stdint.h>
| #endif
| #ifdef HAVE_UNISTD_H
| # include <unistd.h>
| #endif
| int
| main ()
| {
| if (sizeof ((_Bool)))
| 	    return 0;
|   ;
|   return 0;
| }
configure:4932: result: yes
configure:4953: checking for an ANSI C-conforming const
configure:5019: gcc -c -g -Wall -O3 -funroll-loops  conftest.c >&5
configure:5019: $? = 0
configure:5026: result: yes
configure:5041: checking for floor
configure:5041: gcc -o conftest -g -Wall -O3 -funroll-loops   conftest.c -lm  >&5
conftest.c:48:6: warning: conflicting types for built-in function 'floor'
 char floor ();
      ^
configure:5041: $? = 0
configure:5041: result: yes
configure:5041: checking for pow
configure:5041: gcc -o conftest -g -Wall -O3 -funroll-loops   conftest.c -lm  >&5
conftest.c:49:6: warning: conflicting types for built-in function 'pow'
 char pow ();
      ^
configure:5041: $? = 0
configure:5041: result: yes
configure:5041: checking for sqrt
configure:5041: gcc -o conftest -g -Wall -O3 -funroll-loops   conftest.c -lm  >&5
conftest.c:50:6: warning: conflicting types for built-in function 'sqrt'
 char sqrt ();
      ^
configure:5041: $? = 0
configure:5041: result: yes
configure:5041: checking for strchr
configure:5041: gcc -o conftest -g -Wall -O3 -funroll-loops   conftest.c -lm  >&5
conftest.c:51:6: warning: conflicting types for built-in function 'strchr'
 char strchr ();
      ^
configure:5041: $? = 0
configure:5041: result: yes
configure:5041: checking for strrchr
configure:5041: gcc -o conftest -g -Wall -O3 -funroll-loops   conftest.c -lm  >&5
conftest.c:52:6: warning: conflicting types for built-in function 'strrchr'
 char strrchr ();
      ^
configure:5041: $? = 0
configure:5041: result: yes
configure:5041: checking for feenableexpect
configure:5041: gcc -o conftest -g -Wall -O3 -funroll-loops   conftest.c -lm  >&5
/tmp/ccPIC3zQ.o: In function `main':
/home/simone/MySoftware/village/conftest.c:64: undefined reference to `feenableexpect'
collect2: error: ld returned 1 exit status
configure:5041: $? = 1
configure: failed program was:
| /* confdefs.h */
| #define PACKAGE_NAME "village"
| #define PACKAGE_TARNAME "village"
| #define PACKAGE_VERSION "4.0"
| #define PACKAGE_STRING "village 4.0"
| #define PACKAGE_BUGREPORT "Simone Furini furini.simone@gmail.com"
| #define PACKAGE_URL ""
| #define PACKAGE "village"
| #define VERSION "4.0"
| #define HAVE_LIBM 1
| #define STDC_HEADERS 1
| #define HAVE_SYS_TYPES_H 1
| #define HAVE_SYS_STAT_H 1
| #define HAVE_STDLIB_H 1
| #define HAVE_STRING_H 1
| #define HAVE_MEMORY_H 1
| #define HAVE_STRINGS_H 1
| #define HAVE_INTTYPES_H 1
| #define HAVE_STDINT_H 1
| #define HAVE_UNISTD_H 1
| #define HAVE_FENV_H 1
| #define HAVE__BOOL 1
| #define HAVE_STDBOOL_H 1
| #define HAVE_FLOOR 1
| #define HAVE_POW 1
| #define HAVE_SQRT 1
| #define HAVE_STRCHR 1
| #define HAVE_STRRCHR 1
| /* end confdefs.h.  */
| /* Define feenableexpect to an innocuous variant, in case <limits.h> declares feenableexpect.
|    For example, HP-UX 11i <limits.h> declares gettimeofday.  */
| #define feenableexpect innocuous_feenableexpect
| 
| /* System header to define __stub macros and hopefully few prototypes,
|     which can conflict with char feenableexpect (); below.
|     Prefer <limits.h> to <assert.h> if __STDC__ is defined, since
|     <limits.h> exists even on freestanding compilers.  */
| 
| #ifdef __STDC__
| # include <limits.h>
| #else
| # include <assert.h>
| #endif
| 
| #undef feenableexpect
| 
| /* Override any GCC internal prototype to avoid an error.
|    Use char because int might match the return type of a GCC
|    builtin and then its argument prototype would still apply.  */
| #ifdef __cplusplus
| extern "C"
| #endif
| char feenableexpect ();
| /* The GNU C library defines this for functions which it implements
|     to always fail with ENOSYS.  Some functions are actually named
|     something starting with __ and the normal name is an alias.  */
| #if defined __stub_feenableexpect || defined __stub___feenableexpect
| choke me
| #endif
| 
| int
| main ()
| {
| return feenableexpect ();
|   ;
|   return 0;
| }
configure:5041: result: no
configure:5175: checking that generated files are newer than configure
configure:5181: result: done
configure:5208: creating ./config.status

## ---------------------- ##
## Running config.status. ##
## ---------------------- ##

This file was extended by village config.status 4.0, which was
generated by GNU Autoconf 2.69.  Invocation command line was

  CONFIG_FILES    = 
  CONFIG_HEADERS  = 
  CONFIG_LINKS    = 
  CONFIG_COMMANDS = 
  $ ./config.status 

on host61-21

config.status:875: creating Makefile
config.status:875: creating README
config.status:875: creating m4/Makefile
config.status:875: creating doc/Makefile
config.status:875: creating dat/Makefile
config.status:875: creating include/Makefile
config.status:875: creating src/Makefile
config.status:875: creating config.h
config.status:1104: executing depfiles commands

## ---------------- ##
## Cache variables. ##
## ---------------- ##

ac_cv_c_compiler_gnu=yes
ac_cv_c_const=yes
ac_cv_cxx_compiler_gnu=yes
ac_cv_env_CCC_set=
ac_cv_env_CCC_value=
ac_cv_env_CC_set=
ac_cv_env_CC_value=
ac_cv_env_CFLAGS_set=
ac_cv_env_CFLAGS_value=
ac_cv_env_CPPFLAGS_set=
ac_cv_env_CPPFLAGS_value=
ac_cv_env_CPP_set=
ac_cv_env_CPP_value=
ac_cv_env_CXXFLAGS_set=
ac_cv_env_CXXFLAGS_value=
ac_cv_env_CXX_set=
ac_cv_env_CXX_value=
ac_cv_env_LDFLAGS_set=
ac_cv_env_LDFLAGS_value=
ac_cv_env_LIBS_set=
ac_cv_env_LIBS_value=
ac_cv_env_build_alias_set=
ac_cv_env_build_alias_value=
ac_cv_env_host_alias_set=
ac_cv_env_host_alias_value=
ac_cv_env_target_alias_set=
ac_cv_env_target_alias_value=
ac_cv_func_feenableexpect=no
ac_cv_func_floor=yes
ac_cv_func_pow=yes
ac_cv_func_sqrt=yes
ac_cv_func_strchr=yes
ac_cv_func_strrchr=yes
ac_cv_header_fenv_h=yes
ac_cv_header_inttypes_h=yes
ac_cv_header_memory_h=yes
ac_cv_header_stdbool_h=yes
ac_cv_header_stdc=yes
ac_cv_header_stdint_h=yes
ac_cv_header_stdlib_h=yes
ac_cv_header_string_h=yes
ac_cv_header_strings_h=yes
ac_cv_header_sys_stat_h=yes
ac_cv_header_sys_types_h=yes
ac_cv_header_unistd_h=yes
ac_cv_lib_m_sqrt=yes
ac_cv_objext=o
ac_cv_path_EGREP='/bin/grep -E'
ac_cv_path_GREP=/bin/grep
ac_cv_path_install='/usr/bin/install -c'
ac_cv_path_mkdir=/bin/mkdir
ac_cv_prog_AWK=gawk
ac_cv_prog_CPP='gcc -E'
ac_cv_prog_ac_ct_CC=gcc
ac_cv_prog_ac_ct_CXX=g++
ac_cv_prog_ac_ct_RANLIB=ranlib
ac_cv_prog_cc_c89=
ac_cv_prog_cc_g=yes
ac_cv_prog_cxx_g=yes
ac_cv_prog_make_make_set=yes
ac_cv_type__Bool=yes
am_cv_CC_dependencies_compiler_type=gcc3
am_cv_CXX_dependencies_compiler_type=gcc3
am_cv_make_support_nested_variables=yes
am_cv_prog_cc_c_o=yes

## ----------------- ##
## Output variables. ##
## ----------------- ##

ACLOCAL='aclocal-1.15'
AMDEPBACKSLASH='\'
AMDEP_FALSE='#'
AMDEP_TRUE=''
AMTAR='$${TAR-tar}'
AM_BACKSLASH='\'
AM_DEFAULT_V='$(AM_DEFAULT_VERBOSITY)'
AM_DEFAULT_VERBOSITY='1'
AM_V='$(V)'
AUTOCONF='autoconf'
AUTOHEADER='autoheader'
AUTOMAKE='automake-1.15'
AWK='gawk'
CC='gcc'
CCDEPMODE='depmode=gcc3'
CFLAGS='-g -Wall -O3 -funroll-loops'
CPP='gcc -E'
CPPFLAGS=''
CXX='g++'
CXXDEPMODE='depmode=gcc3'
CXXFLAGS='-g -Wall -O3 -funroll-loops'
CYGPATH_W='echo'
DEFS='-DHAVE_CONFIG_H'
DEPDIR='.deps'
ECHO_C=''
ECHO_N='-n'
ECHO_T=''
EGREP='/bin/grep -E'
EXEEXT=''
GREP='/bin/grep'
INSTALL_DATA='${INSTALL} -m 644'
INSTALL_PROGRAM='${INSTALL}'
INSTALL_SCRIPT='${INSTALL}'
INSTALL_STRIP_PROGRAM='$(install_sh) -c -s'
LDFLAGS=''
LIBOBJS=''
LIBS='-lm '
LTLIBOBJS=''
MAKEINFO='makeinfo'
MKDIR_P='/bin/mkdir -p'
OBJEXT='o'
PACKAGE='village'
PACKAGE_BUGREPORT='Simone Furini furini.simone@gmail.com'
PACKAGE_NAME='village'
PACKAGE_STRING='village 4.0'
PACKAGE_TARNAME='village'
PACKAGE_URL=''
PACKAGE_VERSION='4.0'
PATH_SEPARATOR=':'
RANLIB='ranlib'
SET_MAKE=''
SHELL='/bin/bash'
STRIP=''
VERSION='4.0'
ac_ct_CC='gcc'
ac_ct_CXX='g++'
am__EXEEXT_FALSE=''
am__EXEEXT_TRUE='#'
am__fastdepCC_FALSE='#'
am__fastdepCC_TRUE=''
am__fastdepCXX_FALSE='#'
am__fastdepCXX_TRUE=''
am__include='include'
am__isrc=''
am__leading_dot='.'
am__nodep='_no'
am__quote=''
am__tar='$${TAR-tar} chof - "$$tardir"'
am__untar='$${TAR-tar} xf -'
bindir='${exec_prefix}/bin'
build_alias=''
datadir='${datarootdir}'
datarootdir='${prefix}/share'
docdir='${datarootdir}/doc/${PACKAGE_TARNAME}'
dvidir='${docdir}'
exec_prefix='${prefix}'
host_alias=''
htmldir='${docdir}'
includedir='${prefix}/include'
infodir='${datarootdir}/info'
install_sh='${SHELL} /home/simone/MySoftware/village/config/install-sh'
libdir='${exec_prefix}/lib'
libexecdir='${exec_prefix}/libexec'
localedir='${datarootdir}/locale'
localstatedir='${prefix}/var'
mandir='${datarootdir}/man'
mkdir_p='$(MKDIR_P)'
oldincludedir='/usr/include'
pdfdir='${docdir}'
prefix='/home/simone/MySoftware/village'
program_transform_name='s,x,x,'
psdir='${docdir}'
runstatedir='${localstatedir}/run'
sbindir='${exec_prefix}/sbin'
sharedstatedir='${prefix}/com'
sysconfdir='${prefix}/etc'
target_alias=''

## ----------- ##
## confdefs.h. ##
## ----------- ##

/* confdefs.h */
#define PACKAGE_NAME "village"
#define PACKAGE_TARNAME "village"
#define PACKAGE_VERSION "4.0"
#define PACKAGE_STRING "village 4.0"
#define PACKAGE_BUGREPORT "Simone Furini furini.simone@gmail.com"
#define PACKAGE_URL ""
#define PACKAGE "village"
#define VERSION "4.0"
#define HAVE_LIBM 1
#define STDC_HEADERS 1
#define HAVE_SYS_TYPES_H 1
#define HAVE_SYS_STAT_H 1
#define HAVE_STDLIB_H 1
#define HAVE_STRING_H 1
#define HAVE_MEMORY_H 1
#define HAVE_STRINGS_H 1
#define HAVE_INTTYPES_H 1
#define HAVE_STDINT_H 1
#define HAVE_UNISTD_H 1
#define HAVE_FENV_H 1
#define HAVE__BOOL 1
#define HAVE_STDBOOL_H 1
#define HAVE_FLOOR 1
#define HAVE_POW 1
#define HAVE_SQRT 1
#define HAVE_STRCHR 1
#define HAVE_STRRCHR 1

configure: exit 0
